<?xml version="1.0" encoding="UTF-8"?>
<testng-results skipped="0" failed="0" ignored="0" total="1" passed="1">
  <reporter-output>
  </reporter-output>
  <suite name="Suite" duration-ms="7652" started-at="2019-02-03T04:14:10Z" finished-at="2019-02-03T04:14:18Z">
    <groups>
    </groups>
    <test name="Test" duration-ms="7652" started-at="2019-02-03T04:14:10Z" finished-at="2019-02-03T04:14:18Z">
      <class name="Com.ActiTime2.Library.Actitime_Login_SIT_01">
        <test-method status="PASS" signature="OpenApp()[pri:0, instance:Com.ActiTime2.Library.Actitime_Login_SIT_01@51e2adc7]" name="OpenApp" is-config="true" duration-ms="7146" started-at="2019-02-03T04:14:10Z" finished-at="2019-02-03T04:14:17Z">
          <reporter-output>
          </reporter-output>
        </test-method> <!-- OpenApp -->
        <test-method status="PASS" signature="actitime_login_sit_01()[pri:0, instance:Com.ActiTime2.Library.Actitime_Login_SIT_01@51e2adc7]" name="actitime_login_sit_01" duration-ms="473" started-at="2019-02-03T04:14:17Z" finished-at="2019-02-03T04:14:18Z">
          <reporter-output>
          </reporter-output>
        </test-method> <!-- actitime_login_sit_01 -->
        <test-method status="PASS" signature="closeApp()[pri:0, instance:Com.ActiTime2.Library.Actitime_Login_SIT_01@51e2adc7]" name="closeApp" is-config="true" duration-ms="0" started-at="2019-02-03T04:14:18Z" finished-at="2019-02-03T04:14:18Z">
          <reporter-output>
          </reporter-output>
        </test-method> <!-- closeApp -->
        <test-method status="PASS" signature="PostCondition()[pri:0, instance:Com.ActiTime2.Library.Actitime_Login_SIT_01@51e2adc7]" name="PostCondition" is-config="true" duration-ms="0" started-at="2019-02-03T04:14:18Z" finished-at="2019-02-03T04:14:18Z">
          <reporter-output>
          </reporter-output>
        </test-method> <!-- PostCondition -->
      </class> <!-- Com.ActiTime2.Library.Actitime_Login_SIT_01 -->
    </test> <!-- Test -->
  </suite> <!-- Suite -->
</testng-results>
